<?xml version="1.0" encoding="UTF-8"?>
<!-- Generated by org.testng.reporters.JUnitReportReporter -->
<testsuite hostname="MyplexQA-PC" name="com.apalya.subscriptions.wallet_subscription" tests="1" failures="0" timestamp="8 Sep 2014 11:13:07 GMT" time="121.694" errors="0">
  <testcase name="wallet_purchase" time="121.694" classname="com.apalya.subscriptions.wallet_subscription"/>
</testsuite> <!-- com.apalya.subscriptions.wallet_subscription -->
