<?xml version="1.0" encoding="UTF-8"?>
<!-- Generated by org.testng.reporters.JUnitReportReporter -->
<testsuite hostname="MyplexQA-PC" name="com.apalya.playcontent.tvshow_trialer_play_check" tests="1" failures="0" timestamp="8 Sep 2014 11:31:38 GMT" time="53.118" errors="0">
  <testcase name="tv_show_trialer" time="53.118" classname="com.apalya.playcontent.tvshow_trialer_play_check"/>
</testsuite> <!-- com.apalya.playcontent.tvshow_trialer_play_check -->
