<?xml version="1.0" encoding="UTF-8"?>
<!-- Generated by org.testng.reporters.JUnitReportReporter -->
<testsuite hostname="MyplexQA-PC" name="com.apalya.reviews.movies_review" tests="1" failures="0" timestamp="7 Aug 2014 13:08:44 GMT" time="119.959" errors="0">
  <testcase name="testreviews_livetv" time="119.959" classname="com.apalya.reviews.movies_review"/>
</testsuite> <!-- com.apalya.reviews.movies_review -->
