<?xml version="1.0" encoding="UTF-8"?>
<!-- Generated by org.testng.reporters.JUnitReportReporter -->
<testsuite hostname="MyplexQA-PC" name="com.apalya.login.myplex_login_test" tests="1" failures="0" timestamp="5 Sep 2014 10:37:23 GMT" time="266.755" errors="0">
  <testcase name="testmyplex_login_scenario" time="266.755" classname="com.apalya.login.myplex_login_test"/>
</testsuite> <!-- com.apalya.login.myplex_login_test -->
