<?xml version="1.0" encoding="UTF-8"?>
<!-- Generated by org.testng.reporters.JUnitReportReporter -->
<testsuite hostname="MyplexQA-PC" name="com.apalya.login.facebook_login" tests="1" failures="0" timestamp="5 Sep 2014 10:32:39 GMT" time="129.408" errors="0">
  <testcase name="testfacebook_login_scenario" time="129.408" classname="com.apalya.login.facebook_login"/>
</testsuite> <!-- com.apalya.login.facebook_login -->
