<?xml version="1.0" encoding="UTF-8"?>
<!-- Generated by org.testng.reporters.JUnitReportReporter -->
<testsuite hostname="MyplexQA-PC" name="com.apalya.playcontent.bollywood_movie_dtr" tests="1" failures="0" timestamp="11 Aug 2014 12:45:16 GMT" time="190.583" errors="0">
  <testcase name="content_play" time="190.583" classname="com.apalya.playcontent.bollywood_movie_dtr"/>
</testsuite> <!-- com.apalya.playcontent.bollywood_movie_dtr -->
