<?xml version="1.0" encoding="UTF-8"?>
<!-- Generated by org.testng.reporters.JUnitReportReporter -->
<testsuite hostname="MyplexQA-PC" name="com.apalya.playcontent.breaking_news_play" tests="1" failures="0" timestamp="11 Aug 2014 12:46:38 GMT" time="22.631" errors="0">
  <testcase name="breaking_new_play" time="22.631" classname="com.apalya.playcontent.breaking_news_play"/>
</testsuite> <!-- com.apalya.playcontent.breaking_news_play -->
