<?xml version="1.0" encoding="UTF-8"?>
<!-- Generated by org.testng.reporters.JUnitReportReporter -->
<testsuite hostname="MyplexQA-PC" name="com.apalya.search.normal_search_tags" tests="1" failures="0" timestamp="7 Aug 2014 13:08:44 GMT" time="84.663" errors="0">
  <testcase name="testnormal_search" time="84.663" classname="com.apalya.search.normal_search_tags"/>
</testsuite> <!-- com.apalya.search.normal_search_tags -->
