<?xml version="1.0" encoding="UTF-8"?>
<!-- Generated by org.testng.reporters.JUnitReportReporter -->
<testsuite hostname="MyplexQA-PC" name="com.apalya.login.facebook_login" tests="1" failures="0" timestamp="7 Aug 2014 13:08:44 GMT" time="285.524" errors="0">
  <testcase name="testfacebook_login_scenario" time="285.524" classname="com.apalya.login.facebook_login"/>
</testsuite> <!-- com.apalya.login.facebook_login -->
