<?xml version="1.0" encoding="UTF-8"?>
<!-- Generated by org.testng.reporters.JUnitReportReporter -->
<testsuite hostname="MyplexQA-PC" name="com.apalya.playcontent.movie_trialer_play_check" tests="1" failures="0" timestamp="8 Sep 2014 11:38:09 GMT" time="82.054" errors="0">
  <testcase name="movie_trialer" time="82.054" classname="com.apalya.playcontent.movie_trialer_play_check"/>
</testsuite> <!-- com.apalya.playcontent.movie_trialer_play_check -->
