<?xml version="1.0" encoding="UTF-8"?>
<!-- Generated by org.testng.reporters.JUnitReportReporter -->
<testsuite hostname="MyplexQA-PC" name="com.apalya.reviews.livetv_reviews" tests="1" failures="0" timestamp="5 Sep 2014 11:44:42 GMT" time="90.589" errors="0">
  <testcase name="testreviews_livetv" time="90.589" classname="com.apalya.reviews.livetv_reviews"/>
</testsuite> <!-- com.apalya.reviews.livetv_reviews -->
