<?xml version="1.0" encoding="UTF-8"?>
<!-- Generated by org.testng.reporters.JUnitReportReporter -->
<testsuite hostname="MyplexQA-PC" name="com.apalya.favorites.hollywood_movies_favorities" tests="2" failures="0" timestamp="5 Sep 2014 09:43:55 GMT" time="76.914" errors="0">
  <testcase name="unset_favorite_movie" time="20.874" classname="com.apalya.favorites.hollywood_movies_favorities"/>
  <testcase name="set_favorites_movies" time="56.040" classname="com.apalya.favorites.hollywood_movies_favorities"/>
</testsuite> <!-- com.apalya.favorites.hollywood_movies_favorities -->
