<?xml version="1.0" encoding="UTF-8"?>
<!-- Generated by org.testng.reporters.JUnitReportReporter -->
<testsuite hostname="MyplexQA-PC" name="com.apalya.comments.livetv_comments" tests="1" failures="0" timestamp="5 Sep 2014 09:36:36 GMT" time="62.997" errors="0">
  <testcase name="comments_posting" time="62.997" classname="com.apalya.comments.livetv_comments"/>
</testsuite> <!-- com.apalya.comments.livetv_comments -->
