<?xml version="1.0" encoding="UTF-8"?>
<!-- Generated by org.testng.reporters.JUnitReportReporter -->
<testsuite hostname="MyplexQA-PC" name="com.apalya.playcontent.bollywood_movie_dtr" tests="1" failures="0" timestamp="5 Sep 2014 11:37:12 GMT" time="198.172" errors="0">
  <testcase name="content_play" time="198.172" classname="com.apalya.playcontent.bollywood_movie_dtr"/>
</testsuite> <!-- com.apalya.playcontent.bollywood_movie_dtr -->
