<?xml version="1.0" encoding="UTF-8"?>
<!-- Generated by org.testng.reporters.JUnitReportReporter -->
<testsuite hostname="MyplexQA-PC" name="com.apalya.login.myplex_login_test" tests="1" failures="0" timestamp="7 Aug 2014 13:08:44 GMT" time="275.674" errors="0">
  <testcase name="testmyplex_login_scenario" time="275.674" classname="com.apalya.login.myplex_login_test"/>
</testsuite> <!-- com.apalya.login.myplex_login_test -->
