<?xml version="1.0" encoding="UTF-8"?>
<!-- Generated by org.testng.reporters.JUnitReportReporter -->
<testsuite hostname="MyplexQA-PC" name="com.apalya.playcontent.livetv_play" tests="1" failures="0" timestamp="11 Aug 2014 12:48:23 GMT" time="66.263" errors="0">
  <testcase name="testlivetv_content_play" time="66.263" classname="com.apalya.playcontent.livetv_play"/>
</testsuite> <!-- com.apalya.playcontent.livetv_play -->
