<?xml version="1.0" encoding="UTF-8"?>
<!-- Generated by org.testng.reporters.JUnitReportReporter -->
<testsuite hostname="MyplexQA-PC" name="com.apalya.search.normal_search_tags" tests="1" failures="0" timestamp="5 Sep 2014 11:55:53 GMT" time="83.461" errors="0">
  <testcase name="testnormal_search" time="83.461" classname="com.apalya.search.normal_search_tags"/>
</testsuite> <!-- com.apalya.search.normal_search_tags -->
