<?xml version="1.0" encoding="UTF-8"?>
<!-- Generated by org.testng.reporters.JUnitReportReporter -->
<testsuite hostname="MyplexQA-PC" name="com.apalya.favorites.livetv_favorities" tests="2" failures="0" timestamp="5 Sep 2014 10:23:38 GMT" time="76.219" errors="0">
  <testcase name="unset_favorite_livetv" time="17.153" classname="com.apalya.favorites.livetv_favorities"/>
  <testcase name="set_favorites_livetv" time="59.066" classname="com.apalya.favorites.livetv_favorities"/>
</testsuite> <!-- com.apalya.favorites.livetv_favorities -->
