<?xml version="1.0" encoding="UTF-8"?>
<!-- Generated by org.testng.reporters.JUnitReportReporter -->
<testsuite hostname="MyplexQA-PC" name="com.apalya.signup.signup" tests="1" failures="0" timestamp="5 Sep 2014 12:16:54 GMT" time="107.013" errors="0">
  <testcase name="testsignup_myplex" time="107.013" classname="com.apalya.signup.signup"/>
</testsuite> <!-- com.apalya.signup.signup -->
