<?xml version="1.0" encoding="UTF-8"?>
<!-- Generated by org.testng.reporters.JUnitReportReporter -->
<testsuite hostname="MyplexQA-PC" name="com.apalya.reviews.movies_review" tests="1" failures="0" timestamp="5 Sep 2014 11:53:53 GMT" time="107.045" errors="0">
  <testcase name="testreviews_livetv" time="107.045" classname="com.apalya.reviews.movies_review"/>
</testsuite> <!-- com.apalya.reviews.movies_review -->
