<?xml version="1.0" encoding="UTF-8"?>
<!-- Generated by org.testng.reporters.JUnitReportReporter -->
<testsuite hostname="MyplexQA-PC" name="com.apalya.favorites.livetv_favorities" tests="2" failures="0" timestamp="7 Aug 2014 13:08:44 GMT" time="77.364" errors="0">
  <testcase name="unset_favorite_livetv" time="18.351" classname="com.apalya.favorites.livetv_favorities"/>
  <testcase name="set_favorites_livetv" time="59.013" classname="com.apalya.favorites.livetv_favorities"/>
</testsuite> <!-- com.apalya.favorites.livetv_favorities -->
