<?xml version="1.0" encoding="UTF-8"?>
<!-- Generated by org.testng.reporters.JUnitReportReporter -->
<testsuite hostname="MyplexQA-PC" name="com.apalya.reviews.livetv_reviews" tests="1" failures="0" timestamp="7 Aug 2014 13:08:44 GMT" time="100.312" errors="0">
  <testcase name="testreviews_livetv" time="100.312" classname="com.apalya.reviews.livetv_reviews"/>
</testsuite> <!-- com.apalya.reviews.livetv_reviews -->
