<?xml version="1.0" encoding="UTF-8"?>
<!-- Generated by org.testng.reporters.JUnitReportReporter -->
<testsuite hostname="MyplexQA-PC" name="com.apalya.playcontent.livetv_play" tests="1" failures="0" timestamp="5 Sep 2014 11:40:58 GMT" time="66.106" errors="0">
  <testcase name="testlivetv_content_play" time="66.106" classname="com.apalya.playcontent.livetv_play"/>
</testsuite> <!-- com.apalya.playcontent.livetv_play -->
