<?xml version="1.0" encoding="UTF-8"?>
<!-- Generated by org.testng.reporters.JUnitReportReporter -->
<testsuite hostname="MyplexQA-PC" name="com.apalya.signup.signup" tests="1" failures="0" timestamp="7 Aug 2014 13:08:44 GMT" time="202.068" errors="0">
  <testcase name="testsignup_myplex" time="202.068" classname="com.apalya.signup.signup"/>
</testsuite> <!-- com.apalya.signup.signup -->
