<?xml version="1.0" encoding="UTF-8"?>
<!-- Generated by org.testng.reporters.JUnitReportReporter -->
<testsuite hostname="MyplexQA-PC" name="com.apalya.favorites.hollywood_movies_favorities" tests="2" failures="0" timestamp="7 Aug 2014 13:08:44 GMT" time="80.639" errors="0">
  <testcase name="set_favorites_movies" time="59.161" classname="com.apalya.favorites.hollywood_movies_favorities"/>
  <testcase name="unset_favorite_movie" time="21.478" classname="com.apalya.favorites.hollywood_movies_favorities"/>
</testsuite> <!-- com.apalya.favorites.hollywood_movies_favorities -->
