<?xml version="1.0" encoding="UTF-8"?>
<!-- Generated by org.testng.reporters.JUnitReportReporter -->
<testsuite hostname="MyplexQA-PC" name="com.apalya.playcontent.breaking_news_play" tests="1" failures="0" timestamp="5 Sep 2014 10:47:56 GMT" time="21.800" errors="0">
  <testcase name="breaking_new_play" time="21.800" classname="com.apalya.playcontent.breaking_news_play"/>
</testsuite> <!-- com.apalya.playcontent.breaking_news_play -->
