<?xml version="1.0" encoding="UTF-8"?>
<!-- Generated by org.testng.reporters.JUnitReportReporter -->
<testsuite hostname="MyplexQA-PC" name="com.apalya.comments.livetv_comments" tests="1" failures="0" timestamp="7 Aug 2014 13:08:44 GMT" time="69.031" errors="0">
  <testcase name="comments_posting" time="69.031" classname="com.apalya.comments.livetv_comments"/>
</testsuite> <!-- com.apalya.comments.livetv_comments -->
