<?xml version="1.0" encoding="UTF-8"?>
<!-- Generated by org.testng.reporters.JUnitReportReporter -->
<testsuite hostname="MyplexQA-PC" name="com.apalya.browse_as_guest.browse_as_guest" tests="1" failures="0" timestamp="7 Aug 2014 13:08:44 GMT" time="220.590" errors="0">
  <testcase name="browse_as_a_guest_scenario" time="220.590" classname="com.apalya.browse_as_guest.browse_as_guest"/>
</testsuite> <!-- com.apalya.browse_as_guest.browse_as_guest -->
