<?xml version="1.0" encoding="UTF-8"?>
<!-- Generated by org.testng.reporters.JUnitReportReporter -->
<testsuite hostname="MyplexQA-PC" name="com.apalya.browse_as_guest.browse_as_guest" tests="1" failures="0" timestamp="5 Sep 2014 09:34:02 GMT" time="216.284" errors="0">
  <testcase name="browse_as_a_guest_scenario" time="216.284" classname="com.apalya.browse_as_guest.browse_as_guest"/>
</testsuite> <!-- com.apalya.browse_as_guest.browse_as_guest -->
