<?xml version="1.0" encoding="UTF-8"?>
<!-- Generated by org.testng.reporters.JUnitReportReporter -->
<testsuite hostname="MyplexQA-PC" name="com.apalya.playcontent.tvshow_play_dtr" tests="1" failures="0" timestamp="7 Aug 2014 13:08:44 GMT" time="74.746" errors="0">
  <testcase name="tv_show_play" time="74.746" classname="com.apalya.playcontent.tvshow_play_dtr"/>
</testsuite> <!-- com.apalya.playcontent.tvshow_play_dtr -->
